<?xml version="1.0" encoding="UTF-8"?>
<!-- Generated by org.testng.reporters.JUnitReportReporter -->
<testsuite hostname="DESKTOP-IV7DQAN" failures="0" tests="1" name="rest_api.DynamicJson" time="3.776" errors="0" timestamp="2022-02-24T14:43:43 IST" skipped="0">
  <testcase classname="rest_api.DynamicJson" name="addBook" time="3.776"/>
  <system-out/>
</testsuite> <!-- rest_api.DynamicJson -->
