<?xml version="1.0" encoding="UTF-8"?>
<!-- Generated by org.testng.reporters.JUnitReportReporter -->
<testsuite hostname="DESKTOP-IV7DQAN" failures="0" tests="2" name="cucumberOptions.TestRunner" time="11.534" errors="0" timestamp="2022-02-27T16:11:41 IST" skipped="0">
  <testcase classname="cucumberOptions.TestRunner" name="runScenario" time="8.331"/>
  <system-out/>
  <testcase classname="cucumberOptions.TestRunner" name="runScenario" time="3.203"/>
  <system-out/>
</testsuite> <!-- cucumberOptions.TestRunner -->
